#数据库信息
连接地址: rm-2ze4tgh2871yclbggo.mysql.rds.aliyuncs.com
端口号: 3306
账号: xinju_admin
密码: xinju@2017



# 服务器信息



| IP             | 账号 | 密码             | 备注                          |
| -------------- | ---- | ---------------- | ----------------------------- |
| 59.110.224.25  | root | xjcx@2018        | 测试服务器                    |
| 112.125.26.31  | root | XJOfficeCar@2019 | 后台代码                      |
| 112.126.96.238 | root | XJOfficeCar@2019 | 后台代码                      |
| 112.125.25.16  | root | XJOfficeCar@2019 | rocketMq                      |
| 47.95.5.47     | root | XJOfficeCar@2019 | 后台页面,注册页面(正式服务器) |



# RocketMq相关地址

| 地址                          | 账号   | 密码       | 备注   |
| ----------------------------- | ------ | ---------- | ------ |
| http://59.110.224.25:18880/#/ | system | xinju@2019 | 管理员 |
| http://59.110.224.25:18880/#/ | admin  | xinju@2019 | 用户   |



# 后台访问地址

| 地址                              | 备注                 |
| --------------------------------- | -------------------- |
| https://oacms.xinjugongxiang.com/ | 鑫钜后台线上地址     |
| http://47.95.5.47:8060/           | 鑫钜线上企业加盟页面 |
| http://59.110.224.25:8060/        | 鑫钜测试企业加盟页面 |



# Redis地址

IP : 47.95.5.47

端口: 27100

密码: official-prod@2019





# SVN 代码地址



## 测试代码地址

59.110.54.207/project/trunk/official-servers

## 正式代码地址

59.110.54.207/project/branches/official-servers-prod

## 后台页面地址

59.110.54.207/project/trunk/official-cms

# 项目配置文件地址



git@code.aliyun.com:18612278686/official-configs.git

